{"/home/valde/repos/tic-tac-toe/src/isSubset.mjs": {"path":"/home/valde/repos/tic-tac-toe/src/isSubset.mjs","statementMap":{"0":{"start":{"line":2,"column":2},"end":{"line":4,"column":5}},"1":{"start":{"line":3,"column":4},"end":{"line":3,"column":36}}},"fnMap":{"0":{"name":"isSubset","decl":{"start":{"line":1,"column":24},"end":{"line":1,"column":32}},"loc":{"start":{"line":1,"column":49},"end":{"line":5,"column":1}},"line":1},"1":{"name":"(anonymous_1)","decl":{"start":{"line":2,"column":22},"end":{"line":2,"column":23}},"loc":{"start":{"line":2,"column":35},"end":{"line":4,"column":3}},"line":2}},"branchMap":{},"s":{"0":4,"1":6},"f":{"0":4,"1":6},"b":{},"_coverageSchema":"1a1c01bbd47fc00a2c39e90264f33305004495a9","hash":"a78f3cfb908bbeeb9fe2a195a5cd2e0b196de877"}
}
